<?xml version="1.0" encoding="UTF-8"?>
<!-- Generated by org.testng.reporters.JUnitXMLReporter -->
<testsuite ignored="0" hostname="DESKTOP-DJ4FDME" failures="0" tests="3" name="Default test" time="11.45" errors="0" timestamp="2024-03-20T21:27:26 IST">
  <testcase classname="org.wipro.automation.uo.testcases.LoginScenario_DDF" name="validate_loginfunction" time="0.388"/>
  <testcase classname="org.wipro.automation.uo.testcases.LoginScenario_DDF" name="validate_loginfunction" time="0.404"/>
  <testcase classname="org.wipro.automation.uo.testcases.LoginScenario_DDF" name="validate_loginfunction" time="0.403"/>
</testsuite> <!-- Default test -->
