<?xml version="1.0" encoding="UTF-8"?>
<testng-results ignored="0" total="1" passed="1" failed="0" skipped="0">
  <reporter-output>
  </reporter-output>
  <suite started-at="2024-03-21T21:12:26 IST" name="Default suite" finished-at="2024-03-21T21:12:31 IST" duration-ms="5253">
    <groups>
    </groups>
    <test started-at="2024-03-21T21:12:26 IST" name="Default test" finished-at="2024-03-21T21:12:31 IST" duration-ms="5253">
      <class name="org.wipro.automation.uo.testcases.SignupScenario">
        <test-method is-config="true" signature="launchBrowser()[pri:0, instance:org.wipro.automation.uo.testcases.SignupScenario@5824a83d]" started-at="2024-03-21T21:12:26 IST" name="launchBrowser" finished-at="2024-03-21T21:12:30 IST" duration-ms="4210" status="PASS">
          <reporter-output>
          </reporter-output>
        </test-method> <!-- launchBrowser -->
        <test-method signature="validate_signupfunction()[pri:0, instance:org.wipro.automation.uo.testcases.SignupScenario@5824a83d]" started-at="2024-03-21T21:12:30 IST" name="validate_signupfunction" finished-at="2024-03-21T21:12:31 IST" duration-ms="947" status="PASS">
          <reporter-output>
          </reporter-output>
        </test-method> <!-- validate_signupfunction -->
        <test-method is-config="true" signature="closeBrowser()[pri:0, instance:org.wipro.automation.uo.testcases.SignupScenario@5824a83d]" started-at="2024-03-21T21:12:31 IST" name="closeBrowser" finished-at="2024-03-21T21:12:31 IST" duration-ms="1" status="PASS">
          <reporter-output>
          </reporter-output>
        </test-method> <!-- closeBrowser -->
      </class> <!-- org.wipro.automation.uo.testcases.SignupScenario -->
    </test> <!-- Default test -->
  </suite> <!-- Default suite -->
</testng-results>
