<?xml version="1.0" encoding="UTF-8"?>
<testng-results ignored="0" total="3" passed="3" failed="0" skipped="0">
  <reporter-output>
  </reporter-output>
  <suite started-at="2024-03-20T21:27:14 IST" name="Default suite" finished-at="2024-03-20T21:27:26 IST" duration-ms="11450">
    <groups>
    </groups>
    <test started-at="2024-03-20T21:27:14 IST" name="Default test" finished-at="2024-03-20T21:27:26 IST" duration-ms="11450">
      <class name="org.wipro.automation.uo.testcases.LoginScenario_DDF">
        <test-method is-config="true" signature="launchBrowser()[pri:0, instance:org.wipro.automation.uo.testcases.LoginScenario_DDF@5824a83d]" started-at="2024-03-20T21:27:14 IST" name="launchBrowser" finished-at="2024-03-20T21:27:18 IST" duration-ms="3682" status="PASS">
          <reporter-output>
          </reporter-output>
        </test-method> <!-- launchBrowser -->
        <test-method signature="validate_loginfunction(java.lang.String,java.lang.String)[pri:0, instance:org.wipro.automation.uo.testcases.LoginScenario_DDF@5824a83d]" started-at="2024-03-20T21:27:18 IST" name="validate_loginfunction" data-provider="static" finished-at="2024-03-20T21:27:18 IST" duration-ms="388" status="PASS">
          <params>
            <param index="0">
              <value>
                <![CDATA[user1]]>
              </value>
            </param>
            <param index="1">
              <value>
                <![CDATA[pass1]]>
              </value>
            </param>
          </params>
          <reporter-output>
          </reporter-output>
        </test-method> <!-- validate_loginfunction -->
        <test-method is-config="true" signature="closeBrowser()[pri:0, instance:org.wipro.automation.uo.testcases.LoginScenario_DDF@5824a83d]" started-at="2024-03-20T21:27:18 IST" name="closeBrowser" finished-at="2024-03-20T21:27:18 IST" duration-ms="0" status="PASS">
          <reporter-output>
          </reporter-output>
        </test-method> <!-- closeBrowser -->
        <test-method is-config="true" signature="launchBrowser()[pri:0, instance:org.wipro.automation.uo.testcases.LoginScenario_DDF@5824a83d]" started-at="2024-03-20T21:27:18 IST" name="launchBrowser" finished-at="2024-03-20T21:27:21 IST" duration-ms="2898" status="PASS">
          <reporter-output>
          </reporter-output>
        </test-method> <!-- launchBrowser -->
        <test-method signature="validate_loginfunction(java.lang.String,java.lang.String)[pri:0, instance:org.wipro.automation.uo.testcases.LoginScenario_DDF@5824a83d]" started-at="2024-03-20T21:27:21 IST" name="validate_loginfunction" data-provider="static" finished-at="2024-03-20T21:27:22 IST" duration-ms="404" status="PASS">
          <params>
            <param index="0">
              <value>
                <![CDATA[user2]]>
              </value>
            </param>
            <param index="1">
              <value>
                <![CDATA[pass2]]>
              </value>
            </param>
          </params>
          <reporter-output>
          </reporter-output>
        </test-method> <!-- validate_loginfunction -->
        <test-method is-config="true" signature="closeBrowser()[pri:0, instance:org.wipro.automation.uo.testcases.LoginScenario_DDF@5824a83d]" started-at="2024-03-20T21:27:22 IST" name="closeBrowser" finished-at="2024-03-20T21:27:22 IST" duration-ms="1" status="PASS">
          <reporter-output>
          </reporter-output>
        </test-method> <!-- closeBrowser -->
        <test-method is-config="true" signature="launchBrowser()[pri:0, instance:org.wipro.automation.uo.testcases.LoginScenario_DDF@5824a83d]" started-at="2024-03-20T21:27:22 IST" name="launchBrowser" finished-at="2024-03-20T21:27:25 IST" duration-ms="3553" status="PASS">
          <reporter-output>
          </reporter-output>
        </test-method> <!-- launchBrowser -->
        <test-method signature="validate_loginfunction(java.lang.String,java.lang.String)[pri:0, instance:org.wipro.automation.uo.testcases.LoginScenario_DDF@5824a83d]" started-at="2024-03-20T21:27:25 IST" name="validate_loginfunction" data-provider="static" finished-at="2024-03-20T21:27:26 IST" duration-ms="403" status="PASS">
          <params>
            <param index="0">
              <value>
                <![CDATA[user3]]>
              </value>
            </param>
            <param index="1">
              <value>
                <![CDATA[pass3]]>
              </value>
            </param>
          </params>
          <reporter-output>
          </reporter-output>
        </test-method> <!-- validate_loginfunction -->
        <test-method is-config="true" signature="closeBrowser()[pri:0, instance:org.wipro.automation.uo.testcases.LoginScenario_DDF@5824a83d]" started-at="2024-03-20T21:27:26 IST" name="closeBrowser" finished-at="2024-03-20T21:27:26 IST" duration-ms="2" status="PASS">
          <reporter-output>
          </reporter-output>
        </test-method> <!-- closeBrowser -->
      </class> <!-- org.wipro.automation.uo.testcases.LoginScenario_DDF -->
    </test> <!-- Default test -->
  </suite> <!-- Default suite -->
</testng-results>
